This is pdfTeX, Version 3.14159265-2.6-1.40.15 (TeX Live 2015/dev/Debian) (preloaded format=pdflatex 2016.6.2)  19 JAN 2017 23:53
entering extended mode
 restricted \write18 enabled.
 %&-line parsing enabled.
**\documentclass[12pt]{article}

*\usepackage{titlesec}
(/usr/share/texlive/texmf-dist/tex/latex/base/article.cls
Document Class: article 2014/09/29 v1.4h Standard LaTeX document class
(/usr/share/texlive/texmf-dist/tex/latex/base/size12.clo
File: size12.clo 2014/09/29 v1.4h Standard LaTeX file (size option)
)
\c@part=\count79
\c@section=\count80
\c@subsection=\count81
\c@subsubsection=\count82
\c@paragraph=\count83
\c@subparagraph=\count84
\c@figure=\count85
\c@table=\count86
\abovecaptionskip=\skip41
\belowcaptionskip=\skip42
\bibindent=\dimen102
)
*\titleformat{\subsection}[runin]{}{}{}{}[]
(/usr/share/texlive/texmf-dist/tex/latex/titlesec/titlesec.sty
Package: titlesec 2011/12/15 v2.10.0 Sectioning titles
\ttl@box=\box26
\beforetitleunit=\skip43
\aftertitleunit=\skip44
\ttl@plus=\dimen103
\ttl@minus=\dimen104
\ttl@toksa=\toks14
\titlewidth=\dimen105
\titlewidthlast=\dimen106
\titlewidthfirst=\dimen107
)
*\titleformat{\subsubsection}[runin]{}{}{}{}[]

*\title{Example Quiz}

*\begin{document}
(./texput.aux)
\openout1 = `texput.aux'.

LaTeX Font Info:    Checking defaults for OML/cmm/m/it on input line 0.
LaTeX Font Info:    ... okay on input line 0.
LaTeX Font Info:    Checking defaults for T1/cmr/m/n on input line 0.
LaTeX Font Info:    ... okay on input line 0.
LaTeX Font Info:    Checking defaults for OT1/cmr/m/n on input line 0.
LaTeX Font Info:    ... okay on input line 0.
LaTeX Font Info:    Checking defaults for OMS/cmsy/m/n on input line 0.
LaTeX Font Info:    ... okay on input line 0.
LaTeX Font Info:    Checking defaults for OMX/cmex/m/n on input line 0.
LaTeX Font Info:    ... okay on input line 0.
LaTeX Font Info:    Checking defaults for U/cmr/m/n on input line 0.
LaTeX Font Info:    ... okay on input line 0.

*\begin{abstract}

*For the demonstration proposed XML-powered quizzing, and for related purposes.
 \\

*\textbf{2} toss-ups, \textbf{2} bonus sets.  Skip bonuses.  \textbf{10} points
 per toss-up.  \textbf{10} points per bonus.  \textbf{3} boni per set.  Powers 
are worth \textbf{15}.\\

*\end{abstract}

Underfull \hbox (badness 10000) detected at line 0

 []


*\maketitle
[1

{/var/lib/texmf/fonts/map/pdftex/updmap/pdftex.map}]
LaTeX Font Info:    External font `cmex10' loaded for size
(Font)              <14.4> on input line 0.
LaTeX Font Info:    External font `cmex10' loaded for size
(Font)              <7> on input line 0.


LaTeX Warning: No \author given.


*\section*{Toss-ups}

*
(Please type a command or say `\end')
*\subsection*{\textbf{1.}}

*\textit{(Note: Read the words from left to right.)}   Why did the chicken cros
s the road? \\

*ANSWER:

* \textbf{To get to the other side}, \textbf{To avoid his ex}.\\

*\textit{(Note: Accept either, or clear knowledge equivalents.)}

*\subsection*{\textbf{2.}} \textit{\textbf{70} points.}\\   Who was the Preside
nt  with the surname Adams  who was not John Q. Adams? \\

*ANSWER:

* \textbf{John Adams}.\\

*\textit{(Note: Do NOT acept John Q. Adams at any point.)}

*\section*{Bonus sets}

*
(Please type a command or say `\end')
*\subsection*{\textbf{1.}}

*A town is full of buildings.  Some tall, some short, some wide and some narrow
.

*\subsubsection*{\textbf{i.}}

* Who was the girl? \\

*ANSWER:

* \textbf{Mary}.\\

*\subsubsection*{\textbf{ii.}}

Underfull \hbox (badness 10000) detected at line 0

 []


* Who was the dog? \\

*ANSWER:

* \textbf{Mungo}.\\

*\subsubsection*{\textbf{iii.}}

Underfull \hbox (badness 10000) detected at line 0

 []


* Who was the mouse? \\

*ANSWER:

* \textbf{Midge}.\\

*\subsection*{\textbf{2.}}

Underfull \hbox (badness 10000) detected at line 0

 []

[2]
*\textit{20 points per bonus.}

*\textit{(Note: Do not mispronounce words)}

*Sometimes you need examples.  Here are some examples of examples.

*\subsubsection*{\textbf{i.}} \textit{20 points.}

* What is the first one? \\

*ANSWER:

* \textbf{Foo}.\\

*\textit{(Note: "Foo" is pronounced "phu".)}

*\subsubsection*{\textbf{ii.}}

* What is the second one? \\

*ANSWER:

* \textbf{Bar}.\\

*\subsubsection*{\textbf{iii.}} \textit{20 points.}

Underfull \hbox (badness 10000) detected at line 0

 []


* What is the third one? \\

*ANSWER:

* \textbf{Baz}.\\

*\subsubsection*{\textbf{iv.}} \textit{20 points.}

Underfull \hbox (badness 10000) detected at line 0

 []


*\textit{(Note: Note to Americans: this does not mean "quarter")}

* What is the fourth one? \\

*ANSWER:

* \textbf{Quux}.\\

*\textit{(Note: Accept any feasible pronunciation)}

*\end{document}
[3] (./texput.aux) 
Here is how much of TeX's memory you used:
 486 strings out of 495020
 5767 string characters out of 6181325
 55971 words of memory out of 5000000
 3778 multiletter control sequences out of 15000+600000
 7377 words of font info for 26 fonts, out of 8000000 for 9000
 14 hyphenation exceptions out of 8191
 21i,6n,31p,202b,193s stack positions out of 5000i,500n,10000p,200000b,80000s
</usr/share/texlive/texmf-dist/fonts/type1/public/amsfonts/cm
/cmbx10.pfb></usr/share/texlive/texmf-dist/fonts/type1/public/amsfonts/cm/cmbx1
2.pfb></usr/share/texlive/texmf-dist/fonts/type1/public/amsfonts/cm/cmbxti10.pf
b></usr/share/texlive/texmf-dist/fonts/type1/public/amsfonts/cm/cmr10.pfb></usr
/share/texlive/texmf-dist/fonts/type1/public/amsfonts/cm/cmr12.pfb></usr/share/
texlive/texmf-dist/fonts/type1/public/amsfonts/cm/cmr17.pfb></usr/share/texlive
/texmf-dist/fonts/type1/public/amsfonts/cm/cmti12.pfb>
Output written on texput.pdf (3 pages, 88852 bytes).
PDF statistics:
 42 PDF objects out of 1000 (max. 8388607)
 29 compressed objects within 1 object stream
 0 named destinations out of 1000 (max. 500000)
 1 words of extra memory for PDF output out of 10000 (max. 10000000)

